<?xml version="1.0" encoding="UTF-8"?>
<!--
  ~ Copyright 2012 Nodeable Inc
  ~
  ~    Licensed under the Apache License, Version 2.0 (the "License");
  ~    you may not use this file except in compliance with the License.
  ~    You may obtain a copy of the License at
  ~
  ~        http://www.apache.org/licenses/LICENSE-2.0
  ~
  ~    Unless required by applicable law or agreed to in writing, software
  ~    distributed under the License is distributed on an "AS IS" BASIS,
  ~    WITHOUT WARRANTIES OR CONDITIONS OF ANY KIND, either express or implied.
  ~    See the License for the specific language governing permissions and
  ~    limitations under the License.
  -->

<beans xmlns="http://www.springframework.org/schema/beans"
       xmlns:xsi="http://www.w3.org/2001/XMLSchema-instance"
       xmlns:context="http://www.springframework.org/schema/context"
       xsi:schemaLocation="http://www.springframework.org/schema/beans http://www.springframework.org/schema/beans/spring-beans.xsd http://www.springframework.org/schema/context http://www.springframework.org/schema/context/spring-context-3.1.xsd">

    <bean class="org.springframework.beans.factory.config.PropertyPlaceholderConfigurer">
        <property name="locations">
            <list>
                <value>classpath*:database.properties</value>
                <value>classpath*:server.properties</value>
                <value>classpath*:application.properties</value>
                <value>classpath*:cloud.properties</value>
                <value>classpath*:jira.properties</value>
                <value>classpath*:github.properties</value>
                <value>classpath*:email.properties</value>
                <value>classpath*:messagebroker.properties</value>
                <value>classpath*:search.properties</value>
                <value>classpath*:cache.properties</value>
                <value>classpath*:override.properties</value>
                <value>classpath*:test-override.properties</value>
            </list>
        </property>
        <property name="ignoreUnresolvablePlaceholders" value="true"/>
    </bean>

    <!-- ===================================================================
         -  Datasource Config
         =================================================================== -->
    <bean id="businessDBMongo" class="com.streamreduce.datasource.MongoFactoryBean">
        <property name="hostname" value="${business.database.host}"/>
        <property name="port" value="27017"/>
    </bean>
    <bean id="messageDBMongo" class="com.streamreduce.datasource.MongoFactoryBean">
        <property name="hostname" value="${message.database.host}"/>
        <property name="port" value="27017"/>
    </bean>

    <bean id="businessDBMorphia" class="com.streamreduce.datasource.MorphiaFactoryBean">
        <property name="mapPackages">
            <list>
                <value>com.streamreduce.core.model</value>
            </list>
        </property>
    </bean>

    <bean id="messageDBMorphia" class="com.streamreduce.datasource.MorphiaFactoryBean">
        <property name="mapPackages">
            <list>
                <value>com.streamreduce.core.model.messages</value>
            </list>
        </property>
    </bean>

    <bean id="businessDBDatastore" class="com.streamreduce.datasource.DatastoreFactoryBean">
        <property name="mongo" ref="businessDBMongo"/>
        <property name="morphia" ref="businessDBMorphia"/>
        <property name="dbName" value="TEST_nodeabledb"/>
    </bean>

    <bean id="messageDBDatastore" class="com.streamreduce.datasource.DatastoreFactoryBean">
        <property name="mongo" ref="messageDBMongo"/>
        <property name="morphia" ref="messageDBMorphia"/>
        <property name="dbName" value="TEST_nodeablemsgdb"/>
    </bean>

    <bean id="nodeableDB" class="org.springframework.beans.factory.config.MethodInvokingFactoryBean">
        <property name="targetObject" ref="businessDBMongo"/>
        <property name="targetMethod" value="getDB"/>
        <property name="arguments">
            <list>
                <value>TEST_nodeabledb</value>
            </list>
        </property>
    </bean>

    <bean id="messageDB" class="org.springframework.beans.factory.config.MethodInvokingFactoryBean">
        <property name="targetObject" ref="messageDBMongo"/>
        <property name="targetMethod" value="getDB"/>
        <property name="arguments">
            <list>
                <value>TEST_nodeablemsgdb</value>
            </list>
        </property>
    </bean>

    <!-- Database bootstrapper -->
    <bean id="bootstrapDatabaseDataPopulator" class="com.streamreduce.datasource.BootstrapDatabaseDataPopulator">
        <property name="superUserPassword" value="${nodeable.superuser.password}"/>
        <property name="latestPatch"  value="${nodeable.latest.patch}"/>
        <property name="bootstrapSkip" value="true" />
    </bean>

</beans>
